# JRE version: OpenJDK Runtime Environment (11.0.11+9) (build 11.0.11+9-b60-7590822)
# Java VM: OpenJDK 64-Bit Server VM (11.0.11+9-b60-7590822, mixed mode, tiered, compressed oops, g1 gc, windows-amd64)
Heap:
 garbage-first heap   total 129024K, used 70132K [0x00000000a0000000, 0x0000000100000000)
  region size 1024K, 53 young (54272K), 7 survivors (7168K)
 Metaspace       used 39657K, capacity 40551K, committed 40832K, reserved 1085440K
  class space    used 5065K, capacity 5425K, committed 5504K, reserved 1048576K
GC Heap History (10 events):
Event: 0.739 GC heap before
{Heap before GC invocations=0 (full 0):
 garbage-first heap   total 129024K, used 29696K [0x00000000a0000000, 0x0000000100000000)
  region size 1024K, 24 young (24576K), 0 survivors (0K)
 Metaspace       used 9735K, capacity 9896K, committed 10112K, reserved 1058816K
  class space    used 1011K, capacity 1069K, committed 1152K, reserved 1048576K
}
Event: 0.744 GC heap after
{Heap after GC invocations=1 (full 0):
 garbage-first heap   total 129024K, used 9265K [0x00000000a0000000, 0x0000000100000000)
  region size 1024K, 3 young (3072K), 3 survivors (3072K)
 Metaspace       used 9735K, capacity 9896K, committed 10112K, reserved 1058816K
  class space    used 1011K, capacity 1069K, committed 1152K, reserved 1048576K
}
Event: 2.252 GC heap before
{Heap before GC invocations=1 (full 0):
 garbage-first heap   total 129024K, used 82993K [0x00000000a0000000, 0x0000000100000000)
  region size 1024K, 75 young (76800K), 3 survivors (3072K)
 Metaspace       used 17298K, capacity 17693K, committed 17792K, reserved 1064960K
  class space    used 2011K, capacity 2135K, committed 2176K, reserved 1048576K
}
Event: 2.266 GC heap after
{Heap after GC invocations=2 (full 0):
 garbage-first heap   total 129024K, used 15816K [0x00000000a0000000, 0x0000000100000000)
  region size 1024K, 10 young (10240K), 10 survivors (10240K)
 Metaspace       used 17298K, capacity 17693K, committed 17792K, reserved 1064960K
  class space    used 2011K, capacity 2135K, committed 2176K, reserved 1048576K
}
Event: 2.601 GC heap before
{Heap before GC invocations=2 (full 0):
 garbage-first heap   total 129024K, used 43464K [0x00000000a0000000, 0x0000000100000000)
  region size 1024K, 39 young (39936K), 10 survivors (10240K)
 Metaspace       used 20615K, capacity 21068K, committed 21248K, reserved 1067008K
  class space    used 2510K, capacity 2691K, committed 2816K, reserved 1048576K
}
Event: 2.608 GC heap after
{Heap after GC invocations=3 (full 0):
 garbage-first heap   total 129024K, used 17069K [0x00000000a0000000, 0x0000000100000000)
  region size 1024K, 2 young (2048K), 2 survivors (2048K)
 Metaspace       used 20615K, capacity 21068K, committed 21248K, reserved 1067008K
  class space    used 2510K, capacity 2691K, committed 2816K, reserved 1048576K
}
Event: 3.352 GC heap before
{Heap before GC invocations=4 (full 0):
 garbage-first heap   total 129024K, used 77485K [0x00000000a0000000, 0x0000000100000000)
  region size 1024K, 61 young (62464K), 2 survivors (2048K)
 Metaspace       used 27039K, capacity 27646K, committed 27904K, reserved 1073152K
  class space    used 3532K, capacity 3766K, committed 3840K, reserved 1048576K
}
Event: 3.355 GC heap after
{Heap after GC invocations=5 (full 0):
 garbage-first heap   total 129024K, used 19019K [0x00000000a0000000, 0x0000000100000000)
  region size 1024K, 4 young (4096K), 4 survivors (4096K)
 Metaspace       used 27039K, capacity 27646K, committed 27904K, reserved 1073152K
  class space    used 3532K, capacity 3766K, committed 3840K, reserved 1048576K
}
Event: 4.291 GC heap before
{Heap before GC invocations=5 (full 0):
 garbage-first heap   total 129024K, used 75339K [0x00000000a0000000, 0x0000000100000000)
  region size 1024K, 60 young (61440K), 4 survivors (4096K)
 Metaspace       used 34897K, capacity 35698K, committed 35840K, reserved 1081344K
  class space    used 4534K, capacity 4855K, committed 4864K, reserved 1048576K
}
Event: 4.298 GC heap after
{Heap after GC invocations=6 (full 0):
 garbage-first heap   total 129024K, used 22004K [0x00000000a0000000, 0x0000000100000000)
  region size 1024K, 7 young (7168K), 7 survivors (7168K)
 Metaspace       used 34897K, capacity 35698K, committed 35840K, reserved 1081344K
  class space    used 4534K, capacity 4855K, committed 4864K, reserved 1048576K
}

